(2022-07-28T21:03:42.863234600)	ゲームが開始されました====================
(2022-07-28T21:03:43.292809600)	アセットの読み込みが完了しました。File : 2dpixx_ccart_indoor_tiles.png
(2022-07-28T21:03:43.329816200)	アセットの読み込みが完了しました。File : 2dpixx_ccart_indoor_tiles.png
(2022-07-28T21:03:50.359046200)	ゲームが終了しました====================
(2022-07-28T21:46:15.478504200)	ゲームが開始されました====================
(2022-07-28T21:46:15.941084700)	アセットの読み込みが完了しました。File : 2dpixx_ccart_indoor_tiles.png
(2022-07-28T21:46:15.946585800)	ワールドの作成が完了しました。
(2022-07-28T21:46:34.187278700)	ゲームが終了しました======================
(2022-08-01T18:19:43.017844200)	ゲームが開始されました====================
(2022-08-01T18:19:45.131713800)	ゲームが終了しました======================
(2022-08-01T18:21:05.234233700)	ゲームが開始されました====================
(2022-08-01T18:21:05.557789100)	不正な引数、または不適切な引数をメソッドに渡されました。 File: /img/tile/tilset.png
(2022-08-01T18:21:06.930530400)	ゲームが終了しました======================
(2022-08-01T18:22:17.793432)	ゲームが開始されました====================
(2022-08-01T18:22:18.203504100)	アセットの読み込みが完了しました。File : tileset.png
(2022-08-01T18:22:19.739773900)	ゲームが終了しました======================
(2022-08-01T18:23:19.307698700)	ゲームが開始されました====================
(2022-08-01T18:23:19.713770700)	アセットの読み込みが完了しました。File : tileset.png
(2022-08-01T18:23:19.717272300)	ワールドの作成が完了しました。
(2022-08-01T18:23:27.980717200)	ゲームが終了しました======================
(2022-08-01T18:24:00.581422200)	ゲームが開始されました====================
(2022-08-01T18:24:00.976993600)	アセットの読み込みが完了しました。File : tileset.png
(2022-08-01T18:24:00.980493300)	ワールドの作成が完了しました。
(2022-08-01T18:24:02.435747900)	ゲームが終了しました======================
(2022-08-01T18:24:59.209184300)	ゲームが開始されました====================
(2022-08-01T18:24:59.621755900)	アセットの読み込みが完了しました。File : tileset.png
(2022-08-01T18:24:59.625256500)	ワールドの作成が完了しました。
(2022-08-01T18:25:15.900605500)	ゲームが終了しました======================
(2022-08-01T18:25:28.772858100)	ゲームが開始されました====================
(2022-08-01T18:25:29.177930800)	アセットの読み込みが完了しました。File : tileset.png
(2022-08-01T18:25:29.181429600)	ワールドの作成が完了しました。
(2022-08-01T18:25:40.563422400)	ゲームが終了しました======================
(2022-08-01T22:35:20.925349700)	ゲームが開始されました====================
(2022-08-01T22:35:21.323418900)	アセットの読み込みが完了しました。File : tileset.png
(2022-08-01T22:35:21.326920500)	ワールドの作成が完了しました。
(2022-08-01T22:35:33.682082400)	ゲームが終了しました======================
(2022-08-04T22:07:02.521943500)	ゲームが開始されました====================
(2022-08-04T22:07:02.981524700)	アセットの読み込みが完了しました。File : tileset.png
(2022-08-04T22:07:03.009529300)	ワールドの作成が完了しました。
(2022-08-04T22:07:25.878033400)	ゲームが終了しました======================
(2022-08-04T22:19:29.949297300)	ゲームが開始されました====================
(2022-08-04T22:19:30.358368300)	Assets loading is complete. File : tileset.png
(2022-08-04T22:19:30.362868300)	World creation is complete.
(2022-08-04T22:19:55.228721700)	ゲームが終了しました======================
(2022-08-04T22:24:11.818142200)	ゲームが開始されました====================
(2022-08-04T22:24:12.207710300)	Assets loading is complete. File : tileset.png
(2022-08-04T22:24:12.215712600)	World creation is complete.
(2022-08-04T22:24:35.435777500)	ゲームが終了しました======================
(2022-08-04T22:25:13.013355500)	ゲームが開始されました====================
(2022-08-04T22:25:13.430929)	Assets loading is complete. File : tileset.png
(2022-08-04T22:25:13.434929500)	World creation is complete.
(2022-08-04T22:25:27.165833800)	ゲームが終了しました======================
(2022-08-04T22:25:34.110549200)	ゲームが開始されました====================
(2022-08-04T22:25:34.499119800)	Assets loading is complete. File : tileset.png
(2022-08-04T22:25:34.507118400)	World creation is complete.
(2022-08-04T22:26:15.819851500)	ゲームが終了しました======================
(2022-08-04T22:26:23.809251200)	ゲームが開始されました====================
(2022-08-04T22:26:24.197818100)	Assets loading is complete. File : tileset.png
(2022-08-04T22:26:24.206319500)	World creation is complete.
(2022-08-04T22:26:41.391328400)	ゲームが終了しました======================
(2022-08-04T22:30:08.387566900)	ゲームが開始されました====================
(2022-08-04T22:30:08.795138800)	Assets loading is complete. File : tileset.png
(2022-08-04T22:30:08.799138500)	World creation is complete.
(2022-08-04T22:30:16.435976100)	ゲームが終了しました======================
(2022-08-04T22:30:42.172481500)	ゲームが開始されました====================
(2022-08-04T22:30:42.560049600)	Assets loading is complete. File : tileset.png
(2022-08-04T22:30:42.568551800)	World creation is complete.
(2022-08-04T22:30:51.538621)	ゲームが終了しました======================
(2022-08-04T22:31:14.443131200)	ゲームが開始されました====================
(2022-08-04T22:31:14.860204500)	Assets loading is complete. File : tileset.png
(2022-08-04T22:31:14.864205100)	World creation is complete.
(2022-08-04T22:31:34.074567800)	ゲームが終了しました======================
(2022-08-04T22:31:35.007232800)	ゲームが開始されました====================
(2022-08-04T22:31:35.394299500)	Assets loading is complete. File : tileset.png
(2022-08-04T22:31:35.397800200)	World creation is complete.
(2022-08-04T22:32:04.605913300)	ゲームが終了しました======================
(2022-08-04T22:35:28.101040600)	ゲームが開始されました====================
(2022-08-04T22:35:28.499609800)	Assets loading is complete. File : tileset.png
(2022-08-04T22:35:28.503109700)	World creation is complete.
(2022-08-04T22:35:53.784536)	ゲームが終了しました======================
(2022-08-04T22:36:44.282375900)	ゲームが開始されました====================
(2022-08-04T22:36:44.676445300)	Assets loading is complete. File : tileset.png
(2022-08-04T22:36:44.680445800)	World creation is complete.
(2022-08-04T22:36:46.453756600)	ゲームが終了しました======================
(2022-08-04T22:37:36.936094500)	ゲームが開始されました====================
(2022-08-04T22:37:37.330164500)	Assets loading is complete. File : tileset.png
(2022-08-04T22:37:37.338664500)	World creation is complete.
(2022-08-04T22:37:50.545477400)	ゲームが終了しました======================
(2022-08-04T22:39:24.244380300)	ゲームが開始されました====================
(2022-08-04T22:39:24.648451100)	Assets loading is complete. File : tileset.png
(2022-08-04T22:39:24.651951700)	World creation is complete.
(2022-08-04T22:40:03.364729600)	ゲームが終了しました======================
(2022-08-04T22:58:57.503282900)	ゲームが開始されました====================
(2022-08-04T22:58:57.899853600)	Assets loading is complete. File : tileset.png
(2022-08-04T22:58:57.903852800)	World creation is complete.
(2022-08-04T22:59:00.278268800)	ゲームが終了しました======================
(2022-08-12T14:13:27.103205400)	ゲームが開始されました====================
(2022-08-12T14:13:27.784327300)	Assets loading is complete. File : tileset.png
(2022-08-12T14:13:27.808331100)	World creation is complete.
(2022-08-12T14:13:53.516897900)	ゲームが終了しました======================
(2022-08-12T14:26:28.155043900)	ゲームが開始されました====================
(2022-08-12T14:26:28.540112400)	Assets loading is complete. File : tileset.png
(2022-08-12T14:26:28.543612800)	World creation is complete.
(2022-08-12T14:28:38.643719900)	ゲームが終了しました======================
(2022-08-12T15:00:12.611103600)	ゲームが開始されました====================
(2022-08-12T15:00:12.994172300)	Assets loading is complete. File : tileset.png
(2022-08-12T15:00:13.006174100)	World creation is complete.
(2022-08-12T15:00:18.570662500)	ゲームが終了しました======================
(2022-08-12T15:02:34.739347200)	ゲームが開始されました====================
(2022-08-12T15:02:35.118913900)	Assets loading is complete. File : tileset.png
(2022-08-12T15:02:35.126916400)	World creation is complete.
(2022-08-12T15:02:49.651996)	ゲームが終了しました======================
(2022-08-12T15:03:51.027396900)	ゲームが開始されました====================
(2022-08-12T15:03:51.409965100)	Assets loading is complete. File : tileset.png
(2022-08-12T15:03:51.417466500)	World creation is complete.
(2022-08-12T15:03:57.619067300)	ゲームが終了しました======================
(2022-08-12T15:04:06.626667900)	ゲームが開始されました====================
(2022-08-12T15:04:07.006734600)	Assets loading is complete. File : tileset.png
(2022-08-12T15:04:07.010235500)	World creation is complete.
(2022-08-12T15:04:10.172296900)	ゲームが終了しました======================
(2022-08-12T15:04:48.939182900)	ゲームが開始されました====================
(2022-08-12T15:04:49.327751600)	Assets loading is complete. File : tileset.png
(2022-08-12T15:04:49.331752600)	World creation is complete.
(2022-08-12T15:04:52.159254200)	ゲームが終了しました======================
(2022-08-12T15:04:57.565714200)	ゲームが開始されました====================
(2022-08-12T15:04:57.953284)	Assets loading is complete. File : tileset.png
(2022-08-12T15:04:57.956784800)	World creation is complete.
(2022-08-12T15:05:00.801789100)	ゲームが終了しました======================
(2022-08-12T15:05:18.663462100)	ゲームが開始されました====================
(2022-08-12T15:05:19.039028400)	Assets loading is complete. File : tileset.png
(2022-08-12T15:05:19.046029600)	World creation is complete.
(2022-08-12T15:05:25.223126600)	ゲームが終了しました======================
(2022-08-12T15:26:23.942685400)	ゲームが開始されました====================
(2022-08-12T15:26:24.357259100)	アセットの読み込みが完了しました。 File : tileset.png
(2022-08-12T15:26:25.719501700)	ゲームが終了しました======================
(2022-08-12T15:29:59.638994500)	ゲームが開始されました====================
(2022-08-12T15:30:00.015562700)	アセットの読み込みが完了しました。 File : tileset.png
(2022-08-12T15:30:00.022562600)	アセットの読み込みが完了しました。 File : player.png
(2022-08-12T15:30:00.023064700)	World creation is complete.
(2022-08-12T15:30:18.778394300)	ゲームが終了しました======================
(2022-08-12T15:46:25.481589)	ゲームが開始されました====================
(2022-08-12T15:46:25.866657)	アセットの読み込みが完了しました。 File : tileset.png
(2022-08-12T15:46:25.883159700)	アセットの読み込みが完了しました。 File : player.png
(2022-08-12T15:46:25.883660400)	World creation is complete.
(2022-08-12T15:46:33.549522100)	ゲームが終了しました======================
(2022-08-12T15:59:34.133659800)	ゲームが開始されました====================
(2022-08-12T15:59:34.521229100)	アセットの読み込みが完了しました。 File : tileset.png
(2022-08-12T15:59:34.536231400)	アセットの読み込みが完了しました。 File : player.png
(2022-08-12T15:59:34.536731800)	World creation is complete.
(2022-08-12T15:59:37.762804800)	ゲームが終了しました======================
(2022-08-12T16:38:30.159557300)	ゲームが開始されました====================
(2022-08-12T16:38:30.546126200)	アセットの読み込みが完了しました。 File : tileset.png
(2022-08-12T16:38:30.557628900)	World creation is complete.
(2022-08-12T16:38:31.954376200)	ゲームが終了しました======================
(2022-08-12T16:38:47.125072)	ゲームが開始されました====================
(2022-08-12T16:38:47.500638400)	アセットの読み込みが完了しました。 File : tileset.png
(2022-08-12T16:38:47.512639700)	World creation is complete.
(2022-08-12T16:38:54.495880600)	ゲームが終了しました======================
(2022-08-12T16:42:30.871811100)	ゲームが開始されました====================
(2022-08-12T16:42:31.252877900)	アセットの読み込みが完了しました。 File : tileset.png
(2022-08-12T16:42:31.259879100)	World creation is complete.
(2022-08-12T16:42:40.988107700)	ゲームが終了しました======================
(2022-08-12T16:43:28.360520700)	ゲームが開始されました====================
(2022-08-12T16:43:28.742088800)	アセットの読み込みが完了しました。 File : tileset.png
(2022-08-12T16:43:28.753590700)	World creation is complete.
(2022-08-12T16:44:01.808961400)	ゲームが終了しました======================
(2022-08-12T16:49:33.659400600)	ゲームが開始されました====================
(2022-08-12T16:49:34.052470200)	アセットの読み込みが完了しました。 File : tileset.png
(2022-08-12T16:49:34.068973200)	World creation is complete.
(2022-08-12T16:49:55.971363600)	ゲームが終了しました======================
(2022-08-12T16:50:23.435242100)	ゲームが開始されました====================
(2022-08-12T16:50:23.814809)	アセットの読み込みが完了しました。 File : tileset.png
(2022-08-12T16:50:23.826811100)	World creation is complete.
(2022-08-12T16:50:36.044981200)	ゲームが終了しました======================
(2022-08-12T16:52:58.904853600)	ゲームが開始されました====================
(2022-08-12T16:52:59.282921)	アセットの読み込みが完了しました。 File : tileset.png
(2022-08-12T16:52:59.302425)	World creation is complete.
(2022-08-12T16:53:17.929733)	ゲームが終了しました======================
